<?xml version="1.0" encoding="UTF-8"?>
<!-- Generated by org.testng.reporters.JUnitXMLReporter -->
<testsuite ignored="0" hostname="DESKTOP-M0SVRAB" failures="1" tests="2" name="Test" time="0.088" errors="0" timestamp="2024-05-16T18:54:55 IST">
  <testcase classname="listeners.LoginTest" name="loginByEmail" time="0.023">
    <failure type="java.lang.AssertionError" message="expected [Pavan] but found [pavan]">
      <![CDATA[java.lang.AssertionError: expected [Pavan] but found [pavan]
at listeners.LoginTest.loginByEmail(LoginTest.java:34)
at java.base/java.util.ArrayList.forEach(ArrayList.java:1511)
... Removed 33 stack frames]]>
    </failure>
  </testcase> <!-- loginByEmail -->
  <testcase classname="listeners.LoginTest" name="loginByFacebook" time="0.002"/>
</testsuite> <!-- Test -->
